2023-11-08 19:03:11,194 - main.log.LogManagerClass - INFO - Starting program...
2023-11-08 19:03:11,195 - main.log.LogManagerClass - INFO - Processing arguments...
2023-11-08 19:03:11,196 - main.log.LogManagerClass - INFO - Executing tasks...[<main.tasks.RepositorySetup.RepositorySetupTask object at 0x000001F8CDAE59D0>]
2023-11-08 19:04:51,607 - main.log.LogManagerClass - INFO - Starting program...
2023-11-08 19:04:51,608 - main.log.LogManagerClass - INFO - Processing arguments...
2023-11-08 19:04:51,609 - main.log.LogManagerClass - INFO - Executing tasks...[<main.tasks.RepositorySetup.RepositorySetupTask object at 0x000001E002CE9910>]
2023-11-08 19:06:14,175 - main.log.LogManagerClass - INFO - Starting program...
2023-11-08 19:06:14,178 - main.log.LogManagerClass - INFO - Processing arguments...
2023-11-08 19:06:14,179 - main.log.LogManagerClass - INFO - Executing tasks...[<main.tasks.RepositorySetup.RepositorySetupTask object at 0x000001C9AA6E9910>]
2023-11-08 19:09:09,062 - main.log.LogManagerClass - INFO - Starting program...
2023-11-08 19:09:09,063 - main.log.LogManagerClass - INFO - Processing arguments...
2023-11-08 19:09:09,063 - main.log.LogManagerClass - INFO - Executing tasks...[<main.tasks.RepositorySetup.RepositorySetupTask object at 0x000001B2A0246550>]
2023-11-08 19:09:09,064 - main.log.LogManagerClass - INFO - Seting up repositories by file set in C:\Users\dani_\Documents\MEGAsync\UPC\Q9\TFG\Development\TFG-Development\data\repositoryList.txt
2023-11-08 19:09:09,064 - main.log.LogManagerClass - INFO - Cloning repository Lenguaje-C to C:\Users\dani_\Documents\MEGAsync\UPC\Q9\TFG\Development\TFG-Development\output\localRepositories\Lenguaje-C
2023-11-08 19:14:21,914 - main.log.LogManagerClass - INFO - Starting program...
2023-11-08 19:14:21,915 - main.log.LogManagerClass - INFO - Processing arguments...
2023-11-08 19:14:21,915 - main.log.LogManagerClass - INFO - Executing tasks...[<main.tasks.RepositorySetup.RepositorySetupTask object at 0x0000018E3DD2BF90>]
2023-11-08 19:14:21,916 - main.log.LogManagerClass - INFO - Seting up repositories by file set in C:\Users\dani_\Documents\MEGAsync\UPC\Q9\TFG\Development\TFG-Development\data\repositoryList.txt
2023-11-08 19:14:21,916 - main.log.LogManagerClass - INFO - Cloning repository Lenguaje-C to C:\Users\dani_\Documents\MEGAsync\UPC\Q9\TFG\Development\TFG-Development\output\localRepositories\Lenguaje-C
2023-11-08 19:14:45,072 - main.log.LogManagerClass - INFO - Starting program...
2023-11-08 19:14:45,073 - main.log.LogManagerClass - INFO - Processing arguments...
2023-11-08 19:14:45,074 - main.log.LogManagerClass - INFO - Executing tasks...[<main.tasks.RepositorySetup.RepositorySetupTask object at 0x0000014EB282B510>]
2023-11-08 19:14:45,074 - main.log.LogManagerClass - INFO - Seting up repositories by file set in C:\Users\dani_\Documents\MEGAsync\UPC\Q9\TFG\Development\TFG-Development\data\repositoryList.txt
2023-11-08 19:16:08,011 - main.log.LogManagerClass - INFO - Starting program...
2023-11-08 19:16:08,012 - main.log.LogManagerClass - INFO - Processing arguments...
2023-11-08 19:16:08,012 - main.log.LogManagerClass - INFO - Executing tasks...[<main.tasks.RepositorySetup.RepositorySetupTask object at 0x0000017598D44150>]
2023-11-08 19:16:08,013 - main.log.LogManagerClass - INFO - Seting up repositories by file set in C:\Users\dani_\Documents\MEGAsync\UPC\Q9\TFG\Development\TFG-Development\data\repositoryList.txt
2023-11-08 19:16:08,014 - main.log.LogManagerClass - DEBUG - El directorio local del repositorio ya existe, eliminandolo
2023-11-08 19:18:11,985 - main.log.LogManagerClass - INFO - Starting program...
2023-11-08 19:18:11,986 - main.log.LogManagerClass - INFO - Processing arguments...
2023-11-08 19:18:11,987 - main.log.LogManagerClass - INFO - Executing tasks...[<main.tasks.RepositorySetup.RepositorySetupTask object at 0x0000029E7FE34150>]
2023-11-08 19:18:11,987 - main.log.LogManagerClass - INFO - Seting up repositories by file set in C:\Users\dani_\Documents\MEGAsync\UPC\Q9\TFG\Development\TFG-Development\data\repositoryList.txt
2023-11-08 19:18:11,988 - main.log.LogManagerClass - DEBUG - El directorio local del repositorio ya existe, eliminandolo
2023-11-08 19:20:02,171 - main.log.LogManagerClass - INFO - Starting program...
2023-11-08 19:20:02,172 - main.log.LogManagerClass - INFO - Processing arguments...
2023-11-08 19:20:02,173 - main.log.LogManagerClass - INFO - Executing tasks...[<main.tasks.RepositorySetup.RepositorySetupTask object at 0x00000239F362B550>]
2023-11-08 19:20:02,173 - main.log.LogManagerClass - INFO - Seting up repositories by file set in C:\Users\dani_\Documents\MEGAsync\UPC\Q9\TFG\Development\TFG-Development\data\repositoryList.txt
2023-11-08 19:20:02,174 - main.log.LogManagerClass - DEBUG - El directorio local del repositorio ya existe, eliminandolo
2023-11-08 19:20:40,880 - main.log.LogManagerClass - INFO - Starting program...
2023-11-08 19:20:40,881 - main.log.LogManagerClass - INFO - Processing arguments...
2023-11-08 19:20:40,882 - main.log.LogManagerClass - INFO - Executing tasks...[<main.tasks.RepositorySetup.RepositorySetupTask object at 0x000001FA4CF2B590>]
2023-11-08 19:20:40,882 - main.log.LogManagerClass - INFO - Seting up repositories by file set in C:\Users\dani_\Documents\MEGAsync\UPC\Q9\TFG\Development\TFG-Development\data\repositoryList.txt
2023-11-08 19:20:40,883 - main.log.LogManagerClass - DEBUG - El directorio local del repositorio ya existe, eliminandolo
2023-11-08 19:23:13,561 - main.log.LogManagerClass - INFO - Starting program...
2023-11-08 19:23:13,562 - main.log.LogManagerClass - INFO - Processing arguments...
2023-11-08 19:23:13,562 - main.log.LogManagerClass - INFO - Executing tasks...[<main.tasks.RepositorySetup.RepositorySetupTask object at 0x00000256B9B2BF90>]
2023-11-08 19:23:13,563 - main.log.LogManagerClass - INFO - Seting up repositories by file set in C:\Users\dani_\Documents\MEGAsync\UPC\Q9\TFG\Development\TFG-Development\data\repositoryList.txt
2023-11-08 19:23:13,563 - main.log.LogManagerClass - INFO - Repositorio Lenguaje-C ya existe en C:\Users\dani_\Documents\MEGAsync\UPC\Q9\TFG\Development\TFG-Development\output\localRepositories\Lenguaje-C
2023-11-08 19:23:43,007 - main.log.LogManagerClass - INFO - Starting program...
2023-11-08 19:23:43,007 - main.log.LogManagerClass - INFO - Processing arguments...
2023-11-08 19:23:43,008 - main.log.LogManagerClass - INFO - Executing tasks...[<main.tasks.RepositorySetup.RepositorySetupTask object at 0x00000209B142BF90>]
2023-11-08 19:23:43,008 - main.log.LogManagerClass - INFO - Seting up repositories by file set in C:\Users\dani_\Documents\MEGAsync\UPC\Q9\TFG\Development\TFG-Development\data\repositoryList.txt
2023-11-08 19:23:43,009 - main.log.LogManagerClass - INFO - Clonando repositorio Lenguaje-C en C:\Users\dani_\Documents\MEGAsync\UPC\Q9\TFG\Development\TFG-Development\output\localRepositories\Lenguaje-C
2023-11-08 19:23:44,436 - main.log.LogManagerClass - INFO - Clonando repositorio C en C:\Users\dani_\Documents\MEGAsync\UPC\Q9\TFG\Development\TFG-Development\output\localRepositories\C
2023-11-08 19:23:53,425 - main.log.LogManagerClass - INFO - Starting program...
2023-11-08 19:23:53,426 - main.log.LogManagerClass - INFO - Processing arguments...
2023-11-08 19:23:53,427 - main.log.LogManagerClass - INFO - Executing tasks...[<main.tasks.RepositorySetup.RepositorySetupTask object at 0x0000020506E2BF90>]
2023-11-08 19:23:53,427 - main.log.LogManagerClass - INFO - Seting up repositories by file set in C:\Users\dani_\Documents\MEGAsync\UPC\Q9\TFG\Development\TFG-Development\data\repositoryList.txt
2023-11-08 19:23:53,428 - main.log.LogManagerClass - INFO - Repositorio Lenguaje-C ya existe en C:\Users\dani_\Documents\MEGAsync\UPC\Q9\TFG\Development\TFG-Development\output\localRepositories\Lenguaje-C
2023-11-08 19:23:53,432 - main.log.LogManagerClass - INFO - Repositorio C ya existe en C:\Users\dani_\Documents\MEGAsync\UPC\Q9\TFG\Development\TFG-Development\output\localRepositories\C
